<?xml version="1.0" encoding="UTF-8"?>
<testng-results ignored="0" total="1" passed="1" failed="0" skipped="0">
  <reporter-output>
  </reporter-output>
  <suite started-at="2023-01-03T18:51:28 IST" name="Suite" finished-at="2023-01-03T18:52:16 IST" duration-ms="48005">
    <groups>
    </groups>
    <test started-at="2023-01-03T18:51:28 IST" name="Test" finished-at="2023-01-03T18:52:16 IST" duration-ms="48005">
      <class name="com.hdfc.qa.testcases.ProfilePageTest">
        <test-method is-config="true" signature="setUp()[pri:0, instance:com.hdfc.qa.testcases.ProfilePageTest@53aac487]" started-at="2023-01-03T18:51:28 IST" name="setUp" finished-at="2023-01-03T18:52:08 IST" duration-ms="40107" status="PASS">
          <reporter-output>
          </reporter-output>
        </test-method> <!-- setUp -->
        <test-method signature="clickOnLogoutTest()[pri:0, instance:com.hdfc.qa.testcases.ProfilePageTest@53aac487]" started-at="2023-01-03T18:52:08 IST" name="clickOnLogoutTest" finished-at="2023-01-03T18:52:15 IST" duration-ms="6686" status="PASS">
          <reporter-output>
          </reporter-output>
        </test-method> <!-- clickOnLogoutTest -->
        <test-method is-config="true" signature="tearDown()[pri:0, instance:com.hdfc.qa.testcases.ProfilePageTest@53aac487]" started-at="2023-01-03T18:52:15 IST" name="tearDown" finished-at="2023-01-03T18:52:16 IST" duration-ms="1106" status="PASS">
          <reporter-output>
          </reporter-output>
        </test-method> <!-- tearDown -->
      </class> <!-- com.hdfc.qa.testcases.ProfilePageTest -->
    </test> <!-- Test -->
  </suite> <!-- Suite -->
</testng-results>
